#
# An unexpected error has been detected by Java Runtime Environment:
#
#  EXCEPTION_ACCESS_VIOLATION (0xc0000005) at pc=0x07b23290, pid=1172, tid=2992
#
# Java VM: Java HotSpot(TM) Client VM (10.0-b19 mixed mode, sharing windows-x86)
# Problematic frame:
# C  0x07b23290
#
# If you would like to submit a bug report, please visit:
#   http://java.sun.com/webapps/bugreport/crash.jsp
# The crash happened outside the Java Virtual Machine in native code.
# See problematic frame for where to report the bug.
#

---------------  T H R E A D  ---------------

Current thread (0x0210f800):  JavaThread "XpcMessageLoop" daemon [_thread_in_native, id=2992, stack(0x05460000,0x054b0000)]

siginfo: ExceptionCode=0xc0000005, reading address 0x07b23290

Registers:
EAX=0x07b23290, EBX=0x284c9310, ECX=0x0210f8f4, EDX=0x284ca2e0
ESP=0x054af0ec, EBP=0x054af120, ESI=0x284c9310, EDI=0x0210f800
EIP=0x07b23290, EFLAGS=0x00010287

Top of Stack: (sp=0x054af0ec)
0x054af0ec:   02179c91 0210f8f4 054af128 054af130
0x054af0fc:   02172cb1 054af100 00000000 054af130
0x054af10c:   284ca2e0 00000000 284c9310 00000000
0x054af11c:   054af130 054af154 02172d93 284c9948
0x054af12c:   02178099 242dbe68 054af134 284c89fc
0x054af13c:   054af16c 284ca2e0 00000000 284c8a30
0x054af14c:   054af130 054af168 054af190 02172cb1
0x054af15c:   00000000 242dbdb8 242dbe68 242dbb10 

Instructions: (pc=0x07b23290)
0x07b23280:   
[error occurred during error reporting (printing registers, top of stack, instructions near pc), id 0xc0000005]

Stack: [0x05460000,0x054b0000],  sp=0x054af0ec,  free space=316k
Native frames: (J=compiled Java code, j=interpreted, Vv=VM code, C=native code)
C  0x07b23290
v  ~BufferBlob::Interpreter
v  ~BufferBlob::Interpreter
v  ~BufferBlob::Interpreter
v  ~BufferBlob::Interpreter
v  ~BufferBlob::Interpreter
v  ~BufferBlob::Interpreter
v  ~BufferBlob::Interpreter
v  ~BufferBlob::Interpreter
v  ~BufferBlob::Interpreter
v  ~BufferBlob::Interpreter
v  ~BufferBlob::StubRoutines (1)

Java frames: (J=compiled Java code, j=interpreted, Vv=VM code)
v  ~BufferBlob::Interpreter
v  ~BufferBlob::Interpreter
v  ~BufferBlob::Interpreter
v  ~BufferBlob::Interpreter
v  ~BufferBlob::Interpreter
v  ~BufferBlob::Interpreter
v  ~BufferBlob::Interpreter
v  ~BufferBlob::Interpreter
v  ~BufferBlob::Interpreter
v  ~BufferBlob::Interpreter
v  ~BufferBlob::Interpreter
v  ~BufferBlob::StubRoutines (1)
v  ~BufferBlob::Interpreter
v  ~BufferBlob::Interpreter
v  ~BufferBlob::Interpreter
v  ~BufferBlob::Interpreter
v  ~BufferBlob::StubRoutines (1)

---------------  P R O C E S S  ---------------

Java Threads: ( => current thread )
  0x04764400 JavaThread "Thread-1" daemon [_thread_in_native, id=3616, stack(0x08d80000,0x08dd0000)]
  0x04970400 JavaThread "com.jniwrapper.NativeResourceCollector" daemon [_thread_blocked, id=4316, stack(0x07b80000,0x07bd0000)]
=>0x0210f800 JavaThread "XpcMessageLoop" daemon [_thread_in_native, id=2992, stack(0x05460000,0x054b0000)]
  0x04aaec00 JavaThread "TimerQueue" daemon [_thread_blocked, id=2552, stack(0x066b0000,0x06700000)]
  0x002b7800 JavaThread "DestroyJavaVM" [_thread_blocked, id=3308, stack(0x00220000,0x00270000)]
  0x04952400 JavaThread "AWT-EventQueue-0" [_thread_blocked, id=3012, stack(0x04fe0000,0x05030000)]
  0x04952000 JavaThread "AWT-Windows" daemon [_thread_in_native, id=5032, stack(0x04f50000,0x04fa0000)]
  0x04951400 JavaThread "AWT-Shutdown" [_thread_blocked, id=4984, stack(0x04ec0000,0x04f10000)]
  0x04951000 JavaThread "Java2D Disposer" daemon [_thread_blocked, id=960, stack(0x04e30000,0x04e80000)]
  0x020f8800 JavaThread "Low Memory Detector" daemon [_thread_blocked, id=4412, stack(0x04510000,0x04560000)]
  0x020ed000 JavaThread "CompilerThread0" daemon [_thread_blocked, id=2300, stack(0x04480000,0x044d0000)]
  0x020ecc00 JavaThread "Attach Listener" daemon [_thread_blocked, id=1388, stack(0x043f0000,0x04440000)]
  0x020e4000 JavaThread "Signal Dispatcher" daemon [_thread_blocked, id=4976, stack(0x04360000,0x043b0000)]
  0x020a6800 JavaThread "Finalizer" daemon [_thread_blocked, id=1780, stack(0x042d0000,0x04320000)]
  0x020a2400 JavaThread "Reference Handler" daemon [_thread_blocked, id=4156, stack(0x04240000,0x04290000)]

Other Threads:
  0x020a1000 VMThread [stack: 0x041b0000,0x04200000] [id=4632]
  0x02115800 WatcherThread [stack: 0x045a0000,0x045f0000] [id=2592]

VM state:not at safepoint (normal execution)

VM Mutex/Monitor currently owned by a thread: None

Heap
 def new generation   total 960K, used 435K [0x24280000, 0x24380000, 0x24760000)
  eden space 896K,  41% used [0x24280000, 0x242dcdf0, 0x24360000)
  from space 64K, 100% used [0x24360000, 0x24370000, 0x24370000)
  to   space 64K,   0% used [0x24370000, 0x24370000, 0x24380000)
 tenured generation   total 10136K, used 9103K [0x24760000, 0x25146000, 0x28280000)
   the space 10136K,  89% used [0x24760000, 0x25043e10, 0x25044000, 0x25146000)
 compacting perm gen  total 12288K, used 4959K [0x28280000, 0x28e80000, 0x2c280000)
   the space 12288K,  40% used [0x28280000, 0x28757fd0, 0x28758000, 0x28e80000)
    ro space 8192K,  66% used [0x2c280000, 0x2c7d0c80, 0x2c7d0e00, 0x2ca80000)
    rw space 12288K,  52% used [0x2ca80000, 0x2d0d03d0, 0x2d0d0400, 0x2d680000)

Dynamic libraries:
0x00400000 - 0x00423000 	C:\Program Files (x86)\Java\jdk1.6.0_04\bin\java.exe
0x77a00000 - 0x77b80000 	C:\Windows\SysWOW64\ntdll.dll
0x75940000 - 0x75a50000 	C:\Windows\syswow64\kernel32.dll
0x76060000 - 0x760a6000 	C:\Windows\syswow64\KERNELBASE.dll
0x76f40000 - 0x76fe0000 	C:\Windows\syswow64\ADVAPI32.dll
0x75bc0000 - 0x75c6c000 	C:\Windows\syswow64\msvcrt.dll
0x75a50000 - 0x75a69000 	C:\Windows\SysWOW64\sechost.dll
0x75520000 - 0x75610000 	C:\Windows\syswow64\RPCRT4.dll
0x750f0000 - 0x75150000 	C:\Windows\syswow64\SspiCli.dll
0x750e0000 - 0x750ec000 	C:\Windows\syswow64\CRYPTBASE.dll
0x7c340000 - 0x7c396000 	C:\Program Files (x86)\Java\jdk1.6.0_04\jre\bin\msvcr71.dll
0x6d870000 - 0x6dac0000 	C:\Program Files (x86)\Java\jdk1.6.0_04\jre\bin\client\jvm.dll
0x75a70000 - 0x75b70000 	C:\Windows\syswow64\USER32.dll
0x757d0000 - 0x75860000 	C:\Windows\syswow64\GDI32.dll
0x75930000 - 0x7593a000 	C:\Windows\syswow64\LPK.dll
0x75e30000 - 0x75ecd000 	C:\Windows\syswow64\USP10.dll
0x73030000 - 0x73062000 	C:\Windows\system32\WINMM.dll
0x75710000 - 0x75770000 	C:\Windows\system32\IMM32.DLL
0x75640000 - 0x7570c000 	C:\Windows\syswow64\MSCTF.dll
0x74fd0000 - 0x7501c000 	C:\Windows\system32\apphelp.dll
0x6d320000 - 0x6d328000 	C:\Program Files (x86)\Java\jdk1.6.0_04\jre\bin\hpi.dll
0x75150000 - 0x75155000 	C:\Windows\syswow64\PSAPI.DLL
0x6d820000 - 0x6d82c000 	C:\Program Files (x86)\Java\jdk1.6.0_04\jre\bin\verify.dll
0x6d3c0000 - 0x6d3df000 	C:\Program Files (x86)\Java\jdk1.6.0_04\jre\bin\java.dll
0x6d860000 - 0x6d86f000 	C:\Program Files (x86)\Java\jdk1.6.0_04\jre\bin\zip.dll
0x6d0b0000 - 0x6d1de000 	C:\Program Files (x86)\Java\jdk1.6.0_04\jre\bin\awt.dll
0x74eb0000 - 0x74f01000 	C:\Windows\system32\WINSPOOL.DRV
0x75f00000 - 0x7605c000 	C:\Windows\syswow64\ole32.dll
0x74510000 - 0x74590000 	C:\Windows\system32\uxtheme.dll
0x74e50000 - 0x74e58000 	c:\PROGRA~2\mcafee\SITEAD~1\saHook.dll
0x752f0000 - 0x7537f000 	C:\Windows\syswow64\OLEAUT32.dll
0x744f0000 - 0x74503000 	C:\Windows\system32\dwmapi.dll
0x76140000 - 0x76d8a000 	C:\Windows\syswow64\shell32.dll
0x75770000 - 0x757c7000 	C:\Windows\syswow64\SHLWAPI.dll
0x6d2c0000 - 0x6d313000 	C:\Program Files (x86)\Java\jdk1.6.0_04\jre\bin\fontmanager.dll
0x6d620000 - 0x6d633000 	C:\Program Files (x86)\Java\jdk1.6.0_04\jre\bin\net.dll
0x77100000 - 0x77135000 	C:\Windows\syswow64\WS2_32.dll
0x75920000 - 0x75926000 	C:\Windows\syswow64\NSI.dll
0x74d60000 - 0x74d9c000 	C:\Windows\system32\mswsock.dll
0x710a0000 - 0x710a6000 	C:\Windows\System32\wship6.dll
0x6d640000 - 0x6d649000 	C:\Program Files (x86)\Java\jdk1.6.0_04\jre\bin\nio.dll
0x760b0000 - 0x76133000 	C:\Windows\syswow64\CLBCatQ.DLL
0x10000000 - 0x10008000 	C:\Users\JINOS\.JxBrowser\xulrunner-windows-version-1.9.2.1\xulrunner-windows\javaxpcomglue.dll
0x74360000 - 0x743fb000 	C:\Windows\WinSxS\x86_microsoft.vc80.crt_1fc8b3b9a1e18e3b_8.0.50727.4940_none_d08cc06a442b34fc\MSVCR80.dll
0x054c0000 - 0x054e9000 	C:\Users\JINOS\.JxBrowser\xulrunner-windows-version-1.9.2.1\xulrunner-windows\nspr4.dll
0x73df0000 - 0x73df7000 	C:\Windows\system32\WSOCK32.dll
0x05500000 - 0x05507000 	C:\Users\JINOS\.JxBrowser\xulrunner-windows-version-1.9.2.1\xulrunner-windows\plc4.dll
0x05520000 - 0x05527000 	C:\Users\JINOS\.JxBrowser\xulrunner-windows-version-1.9.2.1\xulrunner-windows\plds4.dll
0x05ab0000 - 0x05b23000 	C:\Users\JINOS\.JxBrowser\xulrunner-windows-version-1.9.2.1\xulrunner-windows\sqlite3.dll
0x06700000 - 0x06714000 	C:\Users\JINOS\.JxBrowser\xulrunner-windows-version-1.9.2.1\xulrunner-windows\nssutil3.dll
0x06720000 - 0x06746000 	C:\Users\JINOS\.JxBrowser\xulrunner-windows-version-1.9.2.1\xulrunner-windows\softokn3.dll
0x06760000 - 0x067fb000 	C:\Users\JINOS\.JxBrowser\xulrunner-windows-version-1.9.2.1\xulrunner-windows\nss3.dll
0x06810000 - 0x06830000 	C:\Users\JINOS\.JxBrowser\xulrunner-windows-version-1.9.2.1\xulrunner-windows\ssl3.dll
0x06850000 - 0x06868000 	C:\Users\JINOS\.JxBrowser\xulrunner-windows-version-1.9.2.1\xulrunner-windows\smime3.dll
0x06880000 - 0x06952000 	C:\Users\JINOS\.JxBrowser\xulrunner-windows-version-1.9.2.1\xulrunner-windows\js3250.dll
0x06970000 - 0x07351000 	C:\Users\JINOS\.JxBrowser\xulrunner-windows-version-1.9.2.1\xulrunner-windows\xul.dll
0x74e70000 - 0x74e79000 	C:\Windows\system32\VERSION.dll
0x75160000 - 0x751db000 	C:\Windows\syswow64\COMDLG32.dll
0x73bc0000 - 0x73c44000 	C:\Windows\WinSxS\x86_microsoft.windows.common-controls_6595b64144ccf1df_5.82.7601.17514_none_ec83dffa859149af\COMCTL32.dll
0x73690000 - 0x73695000 	C:\Windows\system32\MSIMG32.dll
0x74400000 - 0x74487000 	C:\Windows\WinSxS\x86_microsoft.vc80.crt_1fc8b3b9a1e18e3b_8.0.50727.4940_none_d08cc06a442b34fc\MSVCP80.dll
0x07370000 - 0x07377000 	C:\Users\JINOS\.JxBrowser\xulrunner-windows-version-1.9.2.1\xulrunner-windows\xpcom.dll
0x748f0000 - 0x748f5000 	C:\Windows\System32\wshtcpip.dll
0x74860000 - 0x7487c000 	C:\Windows\system32\iphlpapi.dll
0x74850000 - 0x74857000 	C:\Windows\system32\WINNSI.DLL
0x71090000 - 0x7109d000 	C:\Windows\system32\dhcpcsvc6.DLL
0x709a0000 - 0x709b2000 	C:\Windows\system32\dhcpcsvc.DLL
0x73f20000 - 0x73f41000 	C:\Windows\system32\ntmarta.dll
0x75b70000 - 0x75bb5000 	C:\Windows\syswow64\WLDAP32.dll
0x741a0000 - 0x741be000 	C:\Windows\system32\t2embed.dll
0x729c0000 - 0x72b5e000 	C:\Windows\WinSxS\x86_microsoft.windows.common-controls_6595b64144ccf1df_6.0.7601.17514_none_41e6975e2bd6f2b2\comctl32.dll
0x6bf00000 - 0x6bffb000 	C:\Windows\system32\WindowsCodecs.dll
0x73db0000 - 0x73de1000 	C:\Windows\system32\EhStorShell.dll
0x75380000 - 0x7551d000 	C:\Windows\syswow64\SETUPAPI.dll
0x76eb0000 - 0x76ed7000 	C:\Windows\syswow64\CFGMGR32.dll
0x75900000 - 0x75912000 	C:\Windows\syswow64\DEVOBJ.dll
0x71f40000 - 0x72035000 	C:\Windows\system32\PROPSYS.dll
0x661c0000 - 0x663dd000 	C:\PROGRA~2\MICROS~1\Office12\GR469A~1.DLL
0x68ef0000 - 0x68fe1000 	C:\PROGRA~2\MICROS~1\Office12\GrooveUtil.DLL
0x76fe0000 - 0x770fa000 	C:\Windows\syswow64\WININET.dll
0x758f0000 - 0x758f3000 	C:\Windows\syswow64\Normaliz.dll
0x75c70000 - 0x75e26000 	C:\Windows\syswow64\iertutil.dll
0x751e0000 - 0x752f0000 	C:\Windows\syswow64\urlmon.dll
0x76d90000 - 0x76ead000 	C:\Windows\syswow64\CRYPT32.dll
0x779d0000 - 0x779dc000 	C:\Windows\syswow64\MSASN1.dll
0x68ff0000 - 0x68ff7000 	C:\PROGRA~2\MICROS~1\Office12\GrooveNew.DLL
0x73e40000 - 0x73e5b000 	C:\Windows\WinSxS\x86_microsoft.vc80.atl_1fc8b3b9a1e18e3b_8.0.50727.4053_none_d1c738ec43578ea1\ATL80.DLL
0x74e30000 - 0x74e46000 	C:\Windows\system32\CRYPTSP.dll
0x74df0000 - 0x74e2b000 	C:\Windows\system32\rsaenh.dll
0x6a940000 - 0x6a9b0000 	C:\Windows\system32\ntshrui.dll
0x74490000 - 0x744a9000 	C:\Windows\system32\srvcli.dll
0x74350000 - 0x7435b000 	C:\Windows\system32\cscapi.dll
0x709c0000 - 0x709ca000 	C:\Windows\system32\slc.dll
0x74de0000 - 0x74dee000 	C:\Windows\system32\RpcRtRemote.dll
0x08940000 - 0x08958000 	C:\Users\JINOS\.JxBrowser\xulrunner-windows-version-1.9.2.1\xulrunner-windows\nssdbm3.dll
0x08970000 - 0x089b1000 	C:\Users\JINOS\.JxBrowser\xulrunner-windows-version-1.9.2.1\xulrunner-windows\freebl3.dll
0x089d0000 - 0x08a21000 	C:\Users\JINOS\.JxBrowser\xulrunner-windows-version-1.9.2.1\xulrunner-windows\nssckbi.dll
0x6d3f0000 - 0x6d3f6000 	C:\Program Files (x86)\Java\jdk1.6.0_04\jre\bin\jawt.dll
0x74e60000 - 0x74e70000 	C:\Windows\system32\NLAapi.dll
0x74dd0000 - 0x74de0000 	C:\Windows\system32\napinsp.dll
0x74db0000 - 0x74dc2000 	C:\Windows\system32\pnrpnsp.dll
0x74da0000 - 0x74dad000 	C:\Windows\system32\wshbth.dll
0x74d10000 - 0x74d54000 	C:\Windows\system32\DNSAPI.dll
0x74d00000 - 0x74d08000 	C:\Windows\System32\winrnr.dll
0x73cd0000 - 0x73cd6000 	C:\Windows\system32\rasadhlp.dll
0x701c0000 - 0x701f8000 	C:\Windows\System32\fwpuclnt.dll

VM Arguments:
jvm_args: -Dfile.encoding=UTF-8 
java_command: webfeaturinaco.WebFeaturinACOApp
Launcher Type: SUN_STANDARD

Environment Variables:
PATH=C:\Program Files (x86)\PC Connectivity Solution\;C:\Windows\system32;C:\Windows;C:\Windows\System32\Wbem;C:\Windows\System32\WindowsPowerShell\v1.0\;C:\Program Files (x86)\Universal Extractor;C:\Program Files (x86)\Universal Extractor\bin;C:\Program Files (x86)\Java\jdk1.6.0_04\bin;C:\Program Files (x86)\Common Files\Adobe\AGL;C:\Program Files (x86)\MySQL\MySQL Server 5.1\bin
USERNAME=JINOS
OS=Windows_NT
PROCESSOR_IDENTIFIER=Intel64 Family 6 Model 23 Stepping 10, GenuineIntel



---------------  S Y S T E M  ---------------

OS: Windows NT 6.1 Build 7601 Service Pack 1

CPU:total 2 (2 cores per cpu, 1 threads per core) family 6 model 7 stepping 10, cmov, cx8, fxsr, mmx, sse, sse2, sse3, ssse3

Memory: 4k page, physical 3075288k(1456368k free), swap 4194303k(4182836k free)

vm_info: Java HotSpot(TM) Client VM (10.0-b19) for windows-x86 JRE (1.6.0_04-b12), built on Dec 14 2007 00:51:20 by "java_re" with MS VC++ 7.1

time: Wed Feb 08 21:03:29 2012
elapsed time: 20 seconds

