#
# An unexpected error has been detected by Java Runtime Environment:
#
#  EXCEPTION_ACCESS_VIOLATION (0xc0000005) at pc=0x079e3290, pid=4084, tid=4792
#
# Java VM: Java HotSpot(TM) Client VM (10.0-b19 mixed mode, sharing windows-x86)
# Problematic frame:
# C  0x079e3290
#
# If you would like to submit a bug report, please visit:
#   http://java.sun.com/webapps/bugreport/crash.jsp
# The crash happened outside the Java Virtual Machine in native code.
# See problematic frame for where to report the bug.
#

---------------  T H R E A D  ---------------

Current thread (0x04e66800):  JavaThread "XpcMessageLoop" daemon [_thread_in_native, id=4792, stack(0x06340000,0x06390000)]

siginfo: ExceptionCode=0xc0000005, reading address 0x079e3290

Registers:
EAX=0x079e3290, EBX=0x2836f938, ECX=0x04e668f4, EDX=0x28370908
ESP=0x0638f1bc, EBP=0x0638f1f4, ESI=0x2836f938, EDI=0x04e66800
EIP=0x079e3290, EFLAGS=0x00010287

Top of Stack: (sp=0x0638f1bc)
0x0638f1bc:   02449c91 04e668f4 0638f1fc 0638f204
0x0638f1cc:   2d05e620 04e66800 0638f1d4 00000000
0x0638f1dc:   0638f204 28370908 00000000 2836f938
0x0638f1ec:   00000000 0638f204 0638f228 02442d93
0x0638f1fc:   2836ff70 02448099 242def80 0638f208
0x0638f20c:   2836f024 0638f240 28370908 00000000
0x0638f21c:   2836f058 0638f204 0638f23c 0638f264
0x0638f22c:   02442cb1 00000000 242deed0 242def80 

Instructions: (pc=0x079e3290)
0x079e3280:   
[error occurred during error reporting (printing registers, top of stack, instructions near pc), id 0xc0000005]

Stack: [0x06340000,0x06390000],  sp=0x0638f1bc,  free space=316k
Native frames: (J=compiled Java code, j=interpreted, Vv=VM code, C=native code)
C  0x079e3290
v  ~BufferBlob::Interpreter
v  ~BufferBlob::Interpreter
v  ~BufferBlob::Interpreter
v  ~BufferBlob::Interpreter
v  ~BufferBlob::Interpreter
v  ~BufferBlob::Interpreter
v  ~BufferBlob::Interpreter
v  ~BufferBlob::Interpreter
J  com.jniwrapper.Callback.enterPoint(JI)J
v  ~BufferBlob::StubRoutines (1)

Java frames: (J=compiled Java code, j=interpreted, Vv=VM code)
v  ~BufferBlob::Interpreter
v  ~BufferBlob::Interpreter
v  ~BufferBlob::Interpreter
v  ~BufferBlob::Interpreter
v  ~BufferBlob::Interpreter
v  ~BufferBlob::Interpreter
v  ~BufferBlob::Interpreter
v  ~BufferBlob::Interpreter
v  ~BufferBlob::Interpreter
J  com.jniwrapper.Callback.enterPoint(JI)J
v  ~BufferBlob::StubRoutines (1)
v  ~BufferBlob::Interpreter
v  ~BufferBlob::Interpreter
v  ~BufferBlob::Interpreter
v  ~BufferBlob::Interpreter
v  ~BufferBlob::StubRoutines (1)

---------------  P R O C E S S  ---------------

Java Threads: ( => current thread )
  0x04cca800 JavaThread "Thread-1" daemon [_thread_in_native, id=4820, stack(0x097e0000,0x09830000)]
  0x04d07000 JavaThread "TimerQueue" daemon [_thread_blocked, id=524, stack(0x09790000,0x097e0000)]
  0x04e69400 JavaThread "com.jniwrapper.NativeResourceCollector" daemon [_thread_blocked, id=3824, stack(0x07a40000,0x07a90000)]
=>0x04e66800 JavaThread "XpcMessageLoop" daemon [_thread_in_native, id=4792, stack(0x06340000,0x06390000)]
  0x00367800 JavaThread "DestroyJavaVM" [_thread_blocked, id=2552, stack(0x00470000,0x004c0000)]
  0x04d29800 JavaThread "AWT-EventQueue-0" [_thread_blocked, id=1372, stack(0x05750000,0x057a0000)]
  0x04d0d400 JavaThread "AWT-Windows" daemon [_thread_in_native, id=4784, stack(0x052d0000,0x05320000)]
  0x04d0d000 JavaThread "AWT-Shutdown" [_thread_blocked, id=4832, stack(0x05240000,0x05290000)]
  0x04d38c00 JavaThread "Java2D Disposer" daemon [_thread_blocked, id=4408, stack(0x04c50000,0x04ca0000)]
  0x023c8800 JavaThread "Low Memory Detector" daemon [_thread_blocked, id=4704, stack(0x04870000,0x048c0000)]
  0x023bf000 JavaThread "CompilerThread0" daemon [_thread_blocked, id=5076, stack(0x047e0000,0x04830000)]
  0x023bec00 JavaThread "Attach Listener" daemon [_thread_blocked, id=2132, stack(0x04750000,0x047a0000)]
  0x023b6000 JavaThread "Signal Dispatcher" daemon [_thread_blocked, id=4000, stack(0x046c0000,0x04710000)]
  0x02376800 JavaThread "Finalizer" daemon [_thread_blocked, id=3868, stack(0x04630000,0x04680000)]
  0x02372400 JavaThread "Reference Handler" daemon [_thread_blocked, id=3236, stack(0x045a0000,0x045f0000)]

Other Threads:
  0x02371000 VMThread [stack: 0x04510000,0x04560000] [id=3440]
  0x023da400 WatcherThread [stack: 0x04900000,0x04950000] [id=280]

VM state:not at safepoint (normal execution)

VM Mutex/Monitor currently owned by a thread: None

Heap
 def new generation   total 960K, used 394K [0x24280000, 0x24380000, 0x24760000)
  eden space 896K,  43% used [0x24280000, 0x242e19a0, 0x24360000)
  from space 64K,   6% used [0x24370000, 0x24370fd0, 0x24380000)
  to   space 64K,   0% used [0x24360000, 0x24360000, 0x24370000)
 tenured generation   total 10312K, used 6358K [0x24760000, 0x25172000, 0x28280000)
   the space 10312K,  61% used [0x24760000, 0x24d95878, 0x24d95a00, 0x25172000)
 compacting perm gen  total 12288K, used 6012K [0x28280000, 0x28e80000, 0x2c280000)
   the space 12288K,  48% used [0x28280000, 0x2885f3b8, 0x2885f400, 0x28e80000)
    ro space 8192K,  66% used [0x2c280000, 0x2c7d0c80, 0x2c7d0e00, 0x2ca80000)
    rw space 12288K,  52% used [0x2ca80000, 0x2d0d03d0, 0x2d0d0400, 0x2d680000)

Dynamic libraries:
0x00400000 - 0x00423000 	C:\Program Files (x86)\Java\jdk1.6.0_04\bin\java.exe
0x774c0000 - 0x77640000 	C:\Windows\SysWOW64\ntdll.dll
0x75070000 - 0x75180000 	C:\Windows\syswow64\kernel32.dll
0x74ef0000 - 0x74f36000 	C:\Windows\syswow64\KERNELBASE.dll
0x753d0000 - 0x75470000 	C:\Windows\syswow64\ADVAPI32.dll
0x75640000 - 0x756ec000 	C:\Windows\syswow64\msvcrt.dll
0x76790000 - 0x767a9000 	C:\Windows\SysWOW64\sechost.dll
0x75250000 - 0x75340000 	C:\Windows\syswow64\RPCRT4.dll
0x74ba0000 - 0x74c00000 	C:\Windows\syswow64\SspiCli.dll
0x74b90000 - 0x74b9c000 	C:\Windows\syswow64\CRYPTBASE.dll
0x7c340000 - 0x7c396000 	C:\Program Files (x86)\Java\jdk1.6.0_04\jre\bin\msvcr71.dll
0x6d870000 - 0x6dac0000 	C:\Program Files (x86)\Java\jdk1.6.0_04\jre\bin\client\jvm.dll
0x74df0000 - 0x74ef0000 	C:\Windows\syswow64\USER32.dll
0x75780000 - 0x75810000 	C:\Windows\syswow64\GDI32.dll
0x77490000 - 0x7749a000 	C:\Windows\syswow64\LPK.dll
0x76b60000 - 0x76bfd000 	C:\Windows\syswow64\USP10.dll
0x73e60000 - 0x73e92000 	C:\Windows\system32\WINMM.dll
0x76930000 - 0x76990000 	C:\Windows\system32\IMM32.DLL
0x75180000 - 0x7524c000 	C:\Windows\syswow64\MSCTF.dll
0x73450000 - 0x7349c000 	C:\Windows\system32\apphelp.dll
0x6d320000 - 0x6d328000 	C:\Program Files (x86)\Java\jdk1.6.0_04\jre\bin\hpi.dll
0x75810000 - 0x75815000 	C:\Windows\syswow64\PSAPI.DLL
0x6d820000 - 0x6d82c000 	C:\Program Files (x86)\Java\jdk1.6.0_04\jre\bin\verify.dll
0x6d3c0000 - 0x6d3df000 	C:\Program Files (x86)\Java\jdk1.6.0_04\jre\bin\java.dll
0x6d860000 - 0x6d86f000 	C:\Program Files (x86)\Java\jdk1.6.0_04\jre\bin\zip.dll
0x6d0b0000 - 0x6d1de000 	C:\Program Files (x86)\Java\jdk1.6.0_04\jre\bin\awt.dll
0x73230000 - 0x73281000 	C:\Windows\system32\WINSPOOL.DRV
0x75470000 - 0x755cc000 	C:\Windows\syswow64\ole32.dll
0x73130000 - 0x731b0000 	C:\Windows\system32\uxtheme.dll
0x6d2c0000 - 0x6d313000 	C:\Program Files (x86)\Java\jdk1.6.0_04\jre\bin\fontmanager.dll
0x731d0000 - 0x731d8000 	c:\PROGRA~2\mcafee\SITEAD~1\saHook.dll
0x75340000 - 0x753cf000 	C:\Windows\syswow64\OLEAUT32.dll
0x730f0000 - 0x73103000 	C:\Windows\system32\dwmapi.dll
0x75940000 - 0x7658a000 	C:\Windows\syswow64\shell32.dll
0x74c00000 - 0x74c57000 	C:\Windows\syswow64\SHLWAPI.dll
0x6d620000 - 0x6d633000 	C:\Program Files (x86)\Java\jdk1.6.0_04\jre\bin\net.dll
0x755d0000 - 0x75605000 	C:\Windows\syswow64\WS2_32.dll
0x76780000 - 0x76786000 	C:\Windows\syswow64\NSI.dll
0x734f0000 - 0x7352c000 	C:\Windows\system32\mswsock.dll
0x73f10000 - 0x73f16000 	C:\Windows\System32\wship6.dll
0x6d640000 - 0x6d649000 	C:\Program Files (x86)\Java\jdk1.6.0_04\jre\bin\nio.dll
0x6d230000 - 0x6d253000 	C:\Program Files (x86)\Java\jdk1.6.0_04\jre\bin\dcpr.dll
0x74cb0000 - 0x74d33000 	C:\Windows\syswow64\CLBCatQ.DLL
0x10000000 - 0x10008000 	C:\Users\JINOS\.JxBrowser\xulrunner-windows-version-1.9.2.1\xulrunner-windows\javaxpcomglue.dll
0x740c0000 - 0x7415b000 	C:\Windows\WinSxS\x86_microsoft.vc80.crt_1fc8b3b9a1e18e3b_8.0.50727.4940_none_d08cc06a442b34fc\MSVCR80.dll
0x063a0000 - 0x063c9000 	C:\Users\JINOS\.JxBrowser\xulrunner-windows-version-1.9.2.1\xulrunner-windows\nspr4.dll
0x74ad0000 - 0x74ad7000 	C:\Windows\system32\WSOCK32.dll
0x064e0000 - 0x064e7000 	C:\Users\JINOS\.JxBrowser\xulrunner-windows-version-1.9.2.1\xulrunner-windows\plc4.dll
0x06500000 - 0x06507000 	C:\Users\JINOS\.JxBrowser\xulrunner-windows-version-1.9.2.1\xulrunner-windows\plds4.dll
0x06590000 - 0x06603000 	C:\Users\JINOS\.JxBrowser\xulrunner-windows-version-1.9.2.1\xulrunner-windows\sqlite3.dll
0x06530000 - 0x06544000 	C:\Users\JINOS\.JxBrowser\xulrunner-windows-version-1.9.2.1\xulrunner-windows\nssutil3.dll
0x06610000 - 0x06636000 	C:\Users\JINOS\.JxBrowser\xulrunner-windows-version-1.9.2.1\xulrunner-windows\softokn3.dll
0x06640000 - 0x066db000 	C:\Users\JINOS\.JxBrowser\xulrunner-windows-version-1.9.2.1\xulrunner-windows\nss3.dll
0x066e0000 - 0x06700000 	C:\Users\JINOS\.JxBrowser\xulrunner-windows-version-1.9.2.1\xulrunner-windows\ssl3.dll
0x06710000 - 0x06728000 	C:\Users\JINOS\.JxBrowser\xulrunner-windows-version-1.9.2.1\xulrunner-windows\smime3.dll
0x06740000 - 0x06812000 	C:\Users\JINOS\.JxBrowser\xulrunner-windows-version-1.9.2.1\xulrunner-windows\js3250.dll
0x06830000 - 0x07211000 	C:\Users\JINOS\.JxBrowser\xulrunner-windows-version-1.9.2.1\xulrunner-windows\xul.dll
0x73220000 - 0x73229000 	C:\Windows\system32\VERSION.dll
0x74d70000 - 0x74deb000 	C:\Windows\syswow64\COMDLG32.dll
0x73dd0000 - 0x73e54000 	C:\Windows\WinSxS\x86_microsoft.windows.common-controls_6595b64144ccf1df_5.82.7601.17514_none_ec83dffa859149af\COMCTL32.dll
0x6f1b0000 - 0x6f1b5000 	C:\Windows\system32\MSIMG32.dll
0x74160000 - 0x741e7000 	C:\Windows\WinSxS\x86_microsoft.vc80.crt_1fc8b3b9a1e18e3b_8.0.50727.4940_none_d08cc06a442b34fc\MSVCP80.dll
0x07230000 - 0x07237000 	C:\Users\JINOS\.JxBrowser\xulrunner-windows-version-1.9.2.1\xulrunner-windows\xpcom.dll
0x72e80000 - 0x72e85000 	C:\Windows\System32\wshtcpip.dll
0x72f30000 - 0x72f4c000 	C:\Windows\system32\iphlpapi.dll
0x72f20000 - 0x72f27000 	C:\Windows\system32\WINNSI.DLL
0x73dc0000 - 0x73dcd000 	C:\Windows\system32\dhcpcsvc6.DLL
0x74010000 - 0x74022000 	C:\Windows\system32\dhcpcsvc.DLL
0x74300000 - 0x74321000 	C:\Windows\system32\ntmarta.dll
0x74c60000 - 0x74ca5000 	C:\Windows\syswow64\WLDAP32.dll
0x07a90000 - 0x07aae000 	C:\Windows\system32\t2embed.dll
0x74900000 - 0x74a9e000 	C:\Windows\WinSxS\x86_microsoft.windows.common-controls_6595b64144ccf1df_6.0.7601.17514_none_41e6975e2bd6f2b2\comctl32.dll
0x6daf0000 - 0x6dbeb000 	C:\Windows\system32\WindowsCodecs.dll
0x08160000 - 0x08191000 	C:\Windows\system32\EhStorShell.dll
0x76990000 - 0x76b2d000 	C:\Windows\syswow64\SETUPAPI.dll
0x76b30000 - 0x76b57000 	C:\Windows\syswow64\CFGMGR32.dll
0x75620000 - 0x75632000 	C:\Windows\syswow64\DEVOBJ.dll
0x6f390000 - 0x6f485000 	C:\Windows\system32\PROPSYS.dll
0x661c0000 - 0x663dd000 	C:\PROGRA~2\MICROS~1\Office12\GR469A~1.DLL
0x68ef0000 - 0x68fe1000 	C:\PROGRA~2\MICROS~1\Office12\GrooveUtil.DLL
0x76810000 - 0x7692b000 	C:\Windows\syswow64\WININET.dll
0x75060000 - 0x75063000 	C:\Windows\syswow64\Normaliz.dll
0x765c0000 - 0x76778000 	C:\Windows\syswow64\iertutil.dll
0x75820000 - 0x75931000 	C:\Windows\syswow64\urlmon.dll
0x74f40000 - 0x7505d000 	C:\Windows\syswow64\CRYPT32.dll
0x75610000 - 0x7561c000 	C:\Windows\syswow64\MSASN1.dll
0x68ff0000 - 0x68ff7000 	C:\PROGRA~2\MICROS~1\Office12\GrooveNew.DLL
0x6dad0000 - 0x6daeb000 	C:\Windows\WinSxS\x86_microsoft.vc80.atl_1fc8b3b9a1e18e3b_8.0.50727.4053_none_d1c738ec43578ea1\ATL80.DLL
0x730a0000 - 0x730b6000 	C:\Windows\system32\CRYPTSP.dll
0x72ff0000 - 0x7302b000 	C:\Windows\system32\rsaenh.dll
0x6f320000 - 0x6f390000 	C:\Windows\system32\ntshrui.dll
0x71170000 - 0x71189000 	C:\Windows\system32\srvcli.dll
0x72dc0000 - 0x72dcb000 	C:\Windows\system32\cscapi.dll
0x70be0000 - 0x70bea000 	C:\Windows\system32\slc.dll
0x72fe0000 - 0x72fee000 	C:\Windows\system32\RpcRtRemote.dll
0x08850000 - 0x08868000 	C:\Users\JINOS\.JxBrowser\xulrunner-windows-version-1.9.2.1\xulrunner-windows\nssdbm3.dll
0x08880000 - 0x088c1000 	C:\Users\JINOS\.JxBrowser\xulrunner-windows-version-1.9.2.1\xulrunner-windows\freebl3.dll
0x088e0000 - 0x08931000 	C:\Users\JINOS\.JxBrowser\xulrunner-windows-version-1.9.2.1\xulrunner-windows\nssckbi.dll
0x6d3f0000 - 0x6d3f6000 	C:\Program Files (x86)\Java\jdk1.6.0_04\jre\bin\jawt.dll
0x736b0000 - 0x736c0000 	C:\Windows\system32\NLAapi.dll
0x73610000 - 0x73620000 	C:\Windows\system32\napinsp.dll
0x735f0000 - 0x73602000 	C:\Windows\system32\pnrpnsp.dll
0x73530000 - 0x7353d000 	C:\Windows\system32\wshbth.dll
0x734a0000 - 0x734e4000 	C:\Windows\system32\DNSAPI.dll
0x73440000 - 0x73448000 	C:\Windows\System32\winrnr.dll
0x73fd0000 - 0x73fd6000 	C:\Windows\system32\rasadhlp.dll
0x73970000 - 0x739a8000 	C:\Windows\System32\fwpuclnt.dll
0x6c4b0000 - 0x6c508000 	C:\Program Files (x86)\Common Files\microsoft shared\ink\tiptsf.dll
0x6d6b0000 - 0x6d81f000 	C:\Windows\system32\explorerframe.dll
0x6d680000 - 0x6d6af000 	C:\Windows\system32\DUser.dll
0x08cb0000 - 0x08d62000 	C:\Windows\system32\DUI70.dll
0x08dc0000 - 0x08deb000 	C:\Windows\system32\msls31.dll
0x73290000 - 0x7329b000 	C:\Windows\system32\profapi.dll
0x6d440000 - 0x6d46f000 	C:\Windows\system32\xmllite.dll
0x6c360000 - 0x6c3bc000 	C:\Windows\System32\StructuredQuery.dll
0x72fd0000 - 0x72fd8000 	C:\Windows\System32\Secur32.dll
0x6c070000 - 0x6c0be000 	C:\Windows\SysWOW64\actxprxy.dll
0x6ba80000 - 0x6bab2000 	C:\Program Files (x86)\Internet Explorer\ieproxy.dll
0x09dc0000 - 0x09dd6000 	C:\Windows\SysWOW64\thumbcache.dll
0x675a0000 - 0x67640000 	C:\Windows\system32\SearchFolder.dll
0x6d410000 - 0x6d43e000 	C:\Windows\system32\SHDOCVW.dll
0x66c50000 - 0x67596000 	C:\Windows\system32\ieframe.DLL
0x73a80000 - 0x73abc000 	C:\Windows\system32\OLEACC.dll
0x66910000 - 0x66aa8000 	C:\Windows\system32\NetworkExplorer.dll
0x73200000 - 0x73212000 	C:\Windows\system32\MPR.dll
0x6d220000 - 0x6d228000 	C:\Windows\System32\drprov.dll
0x72ee0000 - 0x72f09000 	C:\Windows\System32\WINSTA.dll
0x6c690000 - 0x6c6a4000 	C:\Windows\System32\ntlanman.dll

VM Arguments:
jvm_args: -Dfile.encoding=UTF-8 
java_command: webfeaturingaco.WebFeaturingACO
Launcher Type: SUN_STANDARD

Environment Variables:
PATH=C:\Program Files (x86)\PC Connectivity Solution\;C:\Windows\system32;C:\Windows;C:\Windows\System32\Wbem;C:\Windows\System32\WindowsPowerShell\v1.0\;C:\Program Files (x86)\Universal Extractor;C:\Program Files (x86)\Universal Extractor\bin;C:\Program Files (x86)\Java\jdk1.6.0_04\bin;C:\Program Files (x86)\Common Files\Adobe\AGL;
USERNAME=JINOS
OS=Windows_NT
PROCESSOR_IDENTIFIER=Intel64 Family 6 Model 23 Stepping 10, GenuineIntel



---------------  S Y S T E M  ---------------

OS: Windows NT 6.1 Build 7601 Service Pack 1

CPU:total 2 (2 cores per cpu, 1 threads per core) family 6 model 7 stepping 10, cmov, cx8, fxsr, mmx, sse, sse2, sse3, ssse3

Memory: 4k page, physical 3075288k(1350408k free), swap 4194303k(4120664k free)

vm_info: Java HotSpot(TM) Client VM (10.0-b19) for windows-x86 JRE (1.6.0_04-b12), built on Dec 14 2007 00:51:20 by "java_re" with MS VC++ 7.1

time: Sun Feb 26 22:05:01 2012
elapsed time: 47 seconds

