#
# An unexpected error has been detected by Java Runtime Environment:
#
#  EXCEPTION_ACCESS_VIOLATION (0xc0000005) at pc=0x079534e0, pid=3664, tid=2564
#
# Java VM: Java HotSpot(TM) Client VM (10.0-b19 mixed mode, sharing windows-x86)
# Problematic frame:
# C  0x079534e0
#
# If you would like to submit a bug report, please visit:
#   http://java.sun.com/webapps/bugreport/crash.jsp
# The crash happened outside the Java Virtual Machine in native code.
# See problematic frame for where to report the bug.
#

---------------  T H R E A D  ---------------

Current thread (0x04dea400):  JavaThread "XpcMessageLoop" daemon [_thread_in_native, id=2564, stack(0x06370000,0x063c0000)]

siginfo: ExceptionCode=0xc0000005, reading address 0x079534e0

Registers:
EAX=0x079534e0, EBX=0x28592728, ECX=0x04dea4f4, EDX=0x28592ac8
ESP=0x063bf0ec, EBP=0x063bf124, ESI=0x28592728, EDI=0x04dea400
EIP=0x079534e0, EFLAGS=0x00010283

Top of Stack: (sp=0x063bf0ec)
0x063bf0ec:   024c9c91 04dea4f4 063bf12c 00000004
0x063bf0fc:   24c0b7d0 24c0aa28 063bf104 00000000
0x063bf10c:   063bf134 28592ac8 00000000 28592728
0x063bf11c:   00000000 063bf134 063bf15c 024c2d93
0x063bf12c:   28592a68 024c8099 00000004 24297d48
0x063bf13c:   063bf13c 28591d8b 063bf168 28592420
0x063bf14c:   00000000 28591db0 063bf134 063bf164
0x063bf15c:   063bf18c 024c2cb1 00000004 24297d48 

Instructions: (pc=0x079534e0)
0x079534d0:   
[error occurred during error reporting (printing registers, top of stack, instructions near pc), id 0xc0000005]

Stack: [0x06370000,0x063c0000],  sp=0x063bf0ec,  free space=316k
Native frames: (J=compiled Java code, j=interpreted, Vv=VM code, C=native code)
C  0x079534e0
v  ~BufferBlob::Interpreter
v  ~BufferBlob::Interpreter
v  ~BufferBlob::Interpreter
v  ~BufferBlob::Interpreter
v  ~BufferBlob::Interpreter
v  ~BufferBlob::StubRoutines (1)

Java frames: (J=compiled Java code, j=interpreted, Vv=VM code)
v  ~BufferBlob::Interpreter
v  ~BufferBlob::Interpreter
v  ~BufferBlob::Interpreter
v  ~BufferBlob::Interpreter
v  ~BufferBlob::Interpreter
v  ~BufferBlob::Interpreter
v  ~BufferBlob::StubRoutines (1)
v  ~BufferBlob::Interpreter
v  ~BufferBlob::Interpreter
v  ~BufferBlob::Interpreter
v  ~BufferBlob::Interpreter
v  ~BufferBlob::StubRoutines (1)

---------------  P R O C E S S  ---------------

Java Threads: ( => current thread )
  0x04dc9c00 JavaThread "Thread-1" daemon [_thread_in_native, id=176, stack(0x06250000,0x062a0000)]
  0x04e74c00 JavaThread "com.jniwrapper.NativeResourceCollector" daemon [_thread_blocked, id=3948, stack(0x079b0000,0x07a00000)]
=>0x04dea400 JavaThread "XpcMessageLoop" daemon [_thread_in_native, id=2564, stack(0x06370000,0x063c0000)]
  0x007e7800 JavaThread "DestroyJavaVM" [_thread_blocked, id=4280, stack(0x00380000,0x003d0000)]
  0x04d25000 JavaThread "AWT-EventQueue-0" [_thread_blocked, id=4192, stack(0x05740000,0x05790000)]
  0x04d10800 JavaThread "AWT-Windows" daemon [_thread_in_native, id=4060, stack(0x052a0000,0x052f0000)]
  0x04d10400 JavaThread "AWT-Shutdown" [_thread_blocked, id=4064, stack(0x051d0000,0x05220000)]
  0x04b4f400 JavaThread "Java2D Disposer" daemon [_thread_blocked, id=1020, stack(0x04b90000,0x04be0000)]
  0x02454400 JavaThread "Low Memory Detector" daemon [_thread_blocked, id=4224, stack(0x04870000,0x048c0000)]
  0x0243f400 JavaThread "CompilerThread0" daemon [_thread_blocked, id=1408, stack(0x047e0000,0x04830000)]
  0x0243ec00 JavaThread "Attach Listener" daemon [_thread_blocked, id=4896, stack(0x04750000,0x047a0000)]
  0x02436000 JavaThread "Signal Dispatcher" daemon [_thread_blocked, id=4636, stack(0x046c0000,0x04710000)]
  0x023f3400 JavaThread "Finalizer" daemon [_thread_blocked, id=4592, stack(0x04630000,0x04680000)]
  0x023f2400 JavaThread "Reference Handler" daemon [_thread_blocked, id=3384, stack(0x045a0000,0x045f0000)]

Other Threads:
  0x023f1000 VMThread [stack: 0x04510000,0x04560000] [id=4916]
  0x02465c00 WatcherThread [stack: 0x04900000,0x04950000] [id=5048]

VM state:not at safepoint (normal execution)

VM Mutex/Monitor currently owned by a thread: None

Heap
 def new generation   total 960K, used 173K [0x24280000, 0x24380000, 0x24760000)
  eden space 896K,  12% used [0x24280000, 0x2429b528, 0x24360000)
  from space 64K, 100% used [0x24360000, 0x24370000, 0x24370000)
  to   space 64K,   0% used [0x24370000, 0x24370000, 0x24380000)
 tenured generation   total 7648K, used 7108K [0x24760000, 0x24ed8000, 0x28280000)
   the space 7648K,  92% used [0x24760000, 0x24e51138, 0x24e51200, 0x24ed8000)
 compacting perm gen  total 12288K, used 4050K [0x28280000, 0x28e80000, 0x2c280000)
   the space 12288K,  32% used [0x28280000, 0x286748b8, 0x28674a00, 0x28e80000)
    ro space 8192K,  66% used [0x2c280000, 0x2c7d0c80, 0x2c7d0e00, 0x2ca80000)
    rw space 12288K,  52% used [0x2ca80000, 0x2d0d03d0, 0x2d0d0400, 0x2d680000)

Dynamic libraries:
0x00400000 - 0x00423000 	C:\Program Files (x86)\Java\jdk1.6.0_04\bin\java.exe
0x779b0000 - 0x77b30000 	C:\Windows\SysWOW64\ntdll.dll
0x75100000 - 0x75210000 	C:\Windows\syswow64\kernel32.dll
0x76f80000 - 0x76fc6000 	C:\Windows\syswow64\KERNELBASE.dll
0x76dc0000 - 0x76e60000 	C:\Windows\syswow64\ADVAPI32.dll
0x769c0000 - 0x76a6c000 	C:\Windows\syswow64\msvcrt.dll
0x76b50000 - 0x76b69000 	C:\Windows\SysWOW64\sechost.dll
0x75210000 - 0x75300000 	C:\Windows\syswow64\RPCRT4.dll
0x75090000 - 0x750f0000 	C:\Windows\syswow64\SspiCli.dll
0x75080000 - 0x7508c000 	C:\Windows\syswow64\CRYPTBASE.dll
0x7c340000 - 0x7c396000 	C:\Program Files (x86)\Java\jdk1.6.0_04\jre\bin\msvcr71.dll
0x6d870000 - 0x6dac0000 	C:\Program Files (x86)\Java\jdk1.6.0_04\jre\bin\client\jvm.dll
0x754a0000 - 0x755a0000 	C:\Windows\syswow64\USER32.dll
0x764d0000 - 0x76560000 	C:\Windows\syswow64\GDI32.dll
0x76730000 - 0x7673a000 	C:\Windows\syswow64\LPK.dll
0x75360000 - 0x753fd000 	C:\Windows\syswow64\USP10.dll
0x744b0000 - 0x744e2000 	C:\Windows\system32\WINMM.dll
0x75300000 - 0x75360000 	C:\Windows\system32\IMM32.DLL
0x76750000 - 0x7681c000 	C:\Windows\syswow64\MSCTF.dll
0x73940000 - 0x7398c000 	C:\Windows\system32\apphelp.dll
0x6d320000 - 0x6d328000 	C:\Program Files (x86)\Java\jdk1.6.0_04\jre\bin\hpi.dll
0x77980000 - 0x77985000 	C:\Windows\syswow64\PSAPI.DLL
0x6d820000 - 0x6d82c000 	C:\Program Files (x86)\Java\jdk1.6.0_04\jre\bin\verify.dll
0x6d3c0000 - 0x6d3df000 	C:\Program Files (x86)\Java\jdk1.6.0_04\jre\bin\java.dll
0x6d860000 - 0x6d86f000 	C:\Program Files (x86)\Java\jdk1.6.0_04\jre\bin\zip.dll
0x6d0b0000 - 0x6d1de000 	C:\Program Files (x86)\Java\jdk1.6.0_04\jre\bin\awt.dll
0x73720000 - 0x73771000 	C:\Windows\system32\WINSPOOL.DRV
0x76ba0000 - 0x76cfc000 	C:\Windows\syswow64\ole32.dll
0x73620000 - 0x736a0000 	C:\Windows\system32\uxtheme.dll
0x6d2c0000 - 0x6d313000 	C:\Program Files (x86)\Java\jdk1.6.0_04\jre\bin\fontmanager.dll
0x736c0000 - 0x736c8000 	c:\PROGRA~2\mcafee\SITEAD~1\saHook.dll
0x755a0000 - 0x7562f000 	C:\Windows\syswow64\OLEAUT32.dll
0x735e0000 - 0x735f3000 	C:\Windows\system32\dwmapi.dll
0x75870000 - 0x764ba000 	C:\Windows\syswow64\shell32.dll
0x75400000 - 0x75457000 	C:\Windows\syswow64\SHLWAPI.dll
0x6d620000 - 0x6d633000 	C:\Program Files (x86)\Java\jdk1.6.0_04\jre\bin\net.dll
0x75460000 - 0x75495000 	C:\Windows\syswow64\WS2_32.dll
0x750f0000 - 0x750f6000 	C:\Windows\syswow64\NSI.dll
0x739e0000 - 0x73a1c000 	C:\Windows\system32\mswsock.dll
0x748b0000 - 0x748b6000 	C:\Windows\System32\wship6.dll
0x6d640000 - 0x6d649000 	C:\Program Files (x86)\Java\jdk1.6.0_04\jre\bin\nio.dll
0x76a70000 - 0x76af3000 	C:\Windows\syswow64\CLBCatQ.DLL
0x6d230000 - 0x6d253000 	C:\Program Files (x86)\Java\jdk1.6.0_04\jre\bin\dcpr.dll
0x10000000 - 0x10008000 	C:\Users\JINOS\.JxBrowser\xulrunner-windows-version-1.9.2.1\xulrunner-windows\javaxpcomglue.dll
0x744f0000 - 0x7458b000 	C:\Windows\WinSxS\x86_microsoft.vc80.crt_1fc8b3b9a1e18e3b_8.0.50727.4940_none_d08cc06a442b34fc\MSVCR80.dll
0x063c0000 - 0x063e9000 	C:\Users\JINOS\.JxBrowser\xulrunner-windows-version-1.9.2.1\xulrunner-windows\nspr4.dll
0x748c0000 - 0x748c7000 	C:\Windows\system32\WSOCK32.dll
0x061c0000 - 0x061c7000 	C:\Users\JINOS\.JxBrowser\xulrunner-windows-version-1.9.2.1\xulrunner-windows\plc4.dll
0x06400000 - 0x06407000 	C:\Users\JINOS\.JxBrowser\xulrunner-windows-version-1.9.2.1\xulrunner-windows\plds4.dll
0x06420000 - 0x06493000 	C:\Users\JINOS\.JxBrowser\xulrunner-windows-version-1.9.2.1\xulrunner-windows\sqlite3.dll
0x065c0000 - 0x065d4000 	C:\Users\JINOS\.JxBrowser\xulrunner-windows-version-1.9.2.1\xulrunner-windows\nssutil3.dll
0x065f0000 - 0x06616000 	C:\Users\JINOS\.JxBrowser\xulrunner-windows-version-1.9.2.1\xulrunner-windows\softokn3.dll
0x06630000 - 0x066cb000 	C:\Users\JINOS\.JxBrowser\xulrunner-windows-version-1.9.2.1\xulrunner-windows\nss3.dll
0x066e0000 - 0x06700000 	C:\Users\JINOS\.JxBrowser\xulrunner-windows-version-1.9.2.1\xulrunner-windows\ssl3.dll
0x06710000 - 0x06728000 	C:\Users\JINOS\.JxBrowser\xulrunner-windows-version-1.9.2.1\xulrunner-windows\smime3.dll
0x06740000 - 0x06812000 	C:\Users\JINOS\.JxBrowser\xulrunner-windows-version-1.9.2.1\xulrunner-windows\js3250.dll
0x06830000 - 0x07211000 	C:\Users\JINOS\.JxBrowser\xulrunner-windows-version-1.9.2.1\xulrunner-windows\xul.dll
0x73710000 - 0x73719000 	C:\Windows\system32\VERSION.dll
0x76560000 - 0x765db000 	C:\Windows\syswow64\COMDLG32.dll
0x740d0000 - 0x74154000 	C:\Windows\WinSxS\x86_microsoft.windows.common-controls_6595b64144ccf1df_5.82.7601.17514_none_ec83dffa859149af\COMCTL32.dll
0x70ba0000 - 0x70ba5000 	C:\Windows\system32\MSIMG32.dll
0x74590000 - 0x74617000 	C:\Windows\WinSxS\x86_microsoft.vc80.crt_1fc8b3b9a1e18e3b_8.0.50727.4940_none_d08cc06a442b34fc\MSVCP80.dll
0x07230000 - 0x07237000 	C:\Users\JINOS\.JxBrowser\xulrunner-windows-version-1.9.2.1\xulrunner-windows\xpcom.dll
0x73370000 - 0x73375000 	C:\Windows\System32\wshtcpip.dll
0x73420000 - 0x7343c000 	C:\Windows\system32\iphlpapi.dll
0x73410000 - 0x73417000 	C:\Windows\system32\WINNSI.DLL
0x731d0000 - 0x731e2000 	C:\Windows\system32\dhcpcsvc.DLL
0x74060000 - 0x7406d000 	C:\Windows\system32\dhcpcsvc6.DLL
0x748d0000 - 0x748f1000 	C:\Windows\system32\ntmarta.dll
0x76b00000 - 0x76b45000 	C:\Windows\syswow64\WLDAP32.dll
0x69ff0000 - 0x6a00e000 	C:\Windows\system32\t2embed.dll
0x74ed0000 - 0x7506e000 	C:\Windows\WinSxS\x86_microsoft.windows.common-controls_6595b64144ccf1df_6.0.7601.17514_none_41e6975e2bd6f2b2\comctl32.dll
0x6a050000 - 0x6a14b000 	C:\Windows\system32\WindowsCodecs.dll
0x6b550000 - 0x6b581000 	C:\Windows\system32\EhStorShell.dll
0x76820000 - 0x769bd000 	C:\Windows\syswow64\SETUPAPI.dll
0x76b70000 - 0x76b97000 	C:\Windows\syswow64\CFGMGR32.dll
0x75690000 - 0x756a2000 	C:\Windows\syswow64\DEVOBJ.dll
0x70d90000 - 0x70e85000 	C:\Windows\system32\PROPSYS.dll
0x661c0000 - 0x663dd000 	C:\PROGRA~2\MICROS~1\Office12\GR469A~1.DLL
0x68ef0000 - 0x68fe1000 	C:\PROGRA~2\MICROS~1\Office12\GrooveUtil.DLL
0x765e0000 - 0x766fb000 	C:\Windows\syswow64\WININET.dll
0x76740000 - 0x76743000 	C:\Windows\syswow64\Normaliz.dll
0x756b0000 - 0x75868000 	C:\Windows\syswow64\iertutil.dll
0x76e60000 - 0x76f71000 	C:\Windows\syswow64\urlmon.dll
0x76fd0000 - 0x770ed000 	C:\Windows\syswow64\CRYPT32.dll
0x764c0000 - 0x764cc000 	C:\Windows\syswow64\MSASN1.dll
0x68ff0000 - 0x68ff7000 	C:\PROGRA~2\MICROS~1\Office12\GrooveNew.DLL
0x6b530000 - 0x6b54b000 	C:\Windows\WinSxS\x86_microsoft.vc80.atl_1fc8b3b9a1e18e3b_8.0.50727.4053_none_d1c738ec43578ea1\ATL80.DLL
0x73590000 - 0x735a6000 	C:\Windows\system32\CRYPTSP.dll
0x734d0000 - 0x7350b000 	C:\Windows\system32\rsaenh.dll
0x70d20000 - 0x70d90000 	C:\Windows\system32\ntshrui.dll
0x71670000 - 0x71689000 	C:\Windows\system32\srvcli.dll
0x71b00000 - 0x71b0b000 	C:\Windows\system32\cscapi.dll
0x71880000 - 0x7188a000 	C:\Windows\system32\slc.dll
0x734c0000 - 0x734ce000 	C:\Windows\system32\RpcRtRemote.dll
0x08760000 - 0x08778000 	C:\Users\JINOS\.JxBrowser\xulrunner-windows-version-1.9.2.1\xulrunner-windows\nssdbm3.dll
0x08790000 - 0x087d1000 	C:\Users\JINOS\.JxBrowser\xulrunner-windows-version-1.9.2.1\xulrunner-windows\freebl3.dll
0x087f0000 - 0x08841000 	C:\Users\JINOS\.JxBrowser\xulrunner-windows-version-1.9.2.1\xulrunner-windows\nssckbi.dll
0x6d3f0000 - 0x6d3f6000 	C:\Program Files (x86)\Java\jdk1.6.0_04\jre\bin\jawt.dll
0x73ba0000 - 0x73bb0000 	C:\Windows\system32\NLAapi.dll
0x73b00000 - 0x73b10000 	C:\Windows\system32\napinsp.dll
0x73ae0000 - 0x73af2000 	C:\Windows\system32\pnrpnsp.dll
0x73ad0000 - 0x73add000 	C:\Windows\system32\wshbth.dll
0x73990000 - 0x739d4000 	C:\Windows\system32\DNSAPI.dll
0x73930000 - 0x73938000 	C:\Windows\System32\winrnr.dll

VM Arguments:
jvm_args: -Dfile.encoding=UTF-8 
java_command: webfeaturingaco.WebFeaturingACO
Launcher Type: SUN_STANDARD

Environment Variables:
PATH=C:\Program Files (x86)\PC Connectivity Solution\;C:\Windows\system32;C:\Windows;C:\Windows\System32\Wbem;C:\Windows\System32\WindowsPowerShell\v1.0\;C:\Program Files (x86)\Universal Extractor;C:\Program Files (x86)\Universal Extractor\bin;C:\Program Files (x86)\Java\jdk1.6.0_04\bin;C:\Program Files (x86)\Common Files\Adobe\AGL;
USERNAME=JINOS
OS=Windows_NT
PROCESSOR_IDENTIFIER=Intel64 Family 6 Model 23 Stepping 10, GenuineIntel



---------------  S Y S T E M  ---------------

OS: Windows NT 6.1 Build 7601 Service Pack 1

CPU:total 2 (2 cores per cpu, 1 threads per core) family 6 model 7 stepping 10, cmov, cx8, fxsr, mmx, sse, sse2, sse3, ssse3

Memory: 4k page, physical 3075288k(1739668k free), swap 4194303k(4194303k free)

vm_info: Java HotSpot(TM) Client VM (10.0-b19) for windows-x86 JRE (1.6.0_04-b12), built on Dec 14 2007 00:51:20 by "java_re" with MS VC++ 7.1

time: Mon Feb 27 12:42:59 2012
elapsed time: 9 seconds

