#
# An unexpected error has been detected by Java Runtime Environment:
#
#  EXCEPTION_ACCESS_VIOLATION (0xc0000005) at pc=0x08283290, pid=3740, tid=4004
#
# Java VM: Java HotSpot(TM) Client VM (10.0-b19 mixed mode, sharing windows-x86)
# Problematic frame:
# C  0x08283290
#
# If you would like to submit a bug report, please visit:
#   http://java.sun.com/webapps/bugreport/crash.jsp
# The crash happened outside the Java Virtual Machine in native code.
# See problematic frame for where to report the bug.
#

---------------  T H R E A D  ---------------

Current thread (0x04d0b400):  JavaThread "XpcMessageLoop" daemon [_thread_in_native, id=4004, stack(0x057d0000,0x05820000)]

siginfo: ExceptionCode=0xc0000005, reading address 0x08283290

Registers:
EAX=0x08283290, EBX=0x284df350, ECX=0x04d0b4f4, EDX=0x284e0320
ESP=0x0581efec, EBP=0x0581f020, ESI=0x284df350, EDI=0x04d0b400
EIP=0x08283290, EFLAGS=0x00010287

Top of Stack: (sp=0x0581efec)
0x0581efec:   02439c91 04d0b4f4 0581f028 0581f030
0x0581effc:   02432cb1 0581f000 00000000 0581f030
0x0581f00c:   284e0320 00000000 284df350 00000000
0x0581f01c:   0581f030 0581f054 02432d93 284df988
0x0581f02c:   02438099 242d1708 0581f034 284dea3c
0x0581f03c:   0581f06c 284e0320 00000000 284dea70
0x0581f04c:   0581f030 0581f068 0581f090 02432cb1
0x0581f05c:   00000000 242d1638 242d1708 242d1390 

Instructions: (pc=0x08283290)
0x08283280:   
[error occurred during error reporting (printing registers, top of stack, instructions near pc), id 0xc0000005]

Stack: [0x057d0000,0x05820000],  sp=0x0581efec,  free space=315k
Native frames: (J=compiled Java code, j=interpreted, Vv=VM code, C=native code)
C  0x08283290
v  ~BufferBlob::Interpreter
v  ~BufferBlob::Interpreter
v  ~BufferBlob::Interpreter
v  ~BufferBlob::Interpreter
v  ~BufferBlob::Interpreter
v  ~BufferBlob::Interpreter
v  ~BufferBlob::Interpreter
v  ~BufferBlob::Interpreter
v  ~BufferBlob::Interpreter
v  ~BufferBlob::Interpreter
v  ~BufferBlob::StubRoutines (1)

Java frames: (J=compiled Java code, j=interpreted, Vv=VM code)
v  ~BufferBlob::Interpreter
v  ~BufferBlob::Interpreter
v  ~BufferBlob::Interpreter
v  ~BufferBlob::Interpreter
v  ~BufferBlob::Interpreter
v  ~BufferBlob::Interpreter
v  ~BufferBlob::Interpreter
v  ~BufferBlob::Interpreter
v  ~BufferBlob::Interpreter
v  ~BufferBlob::Interpreter
v  ~BufferBlob::Interpreter
v  ~BufferBlob::StubRoutines (1)
v  ~BufferBlob::Interpreter
v  ~BufferBlob::Interpreter
v  ~BufferBlob::Interpreter
v  ~BufferBlob::Interpreter
v  ~BufferBlob::StubRoutines (1)

---------------  P R O C E S S  ---------------

Java Threads: ( => current thread )
  0x04d18c00 JavaThread "Thread-1" daemon [_thread_in_native, id=3536, stack(0x09570000,0x095c0000)]
  0x04b38c00 JavaThread "com.jniwrapper.NativeResourceCollector" daemon [_thread_blocked, id=4328, stack(0x082e0000,0x08330000)]
=>0x04d0b400 JavaThread "XpcMessageLoop" daemon [_thread_in_native, id=4004, stack(0x057d0000,0x05820000)]
  0x04d31000 JavaThread "TimerQueue" daemon [_thread_blocked, id=4456, stack(0x05dd0000,0x05e20000)]
  0x004c7800 JavaThread "DestroyJavaVM" [_thread_blocked, id=4556, stack(0x003a0000,0x003f0000)]
  0x04cea800 JavaThread "AWT-EventQueue-0" [_thread_blocked, id=4648, stack(0x05340000,0x05390000)]
  0x04cea400 JavaThread "AWT-Windows" daemon [_thread_in_native, id=3332, stack(0x052b0000,0x05300000)]
  0x0242cc00 JavaThread "AWT-Shutdown" [_thread_blocked, id=852, stack(0x05220000,0x05270000)]
  0x0242c400 JavaThread "Java2D Disposer" daemon [_thread_blocked, id=3500, stack(0x05140000,0x05190000)]
  0x023b3c00 JavaThread "Low Memory Detector" daemon [_thread_blocked, id=4448, stack(0x04870000,0x048c0000)]
  0x023af000 JavaThread "CompilerThread0" daemon [_thread_blocked, id=4828, stack(0x047e0000,0x04830000)]
  0x023ae800 JavaThread "Attach Listener" daemon [_thread_blocked, id=3412, stack(0x04750000,0x047a0000)]
  0x023a5c00 JavaThread "Signal Dispatcher" daemon [_thread_blocked, id=4324, stack(0x046c0000,0x04710000)]
  0x02363400 JavaThread "Finalizer" daemon [_thread_blocked, id=4288, stack(0x04630000,0x04680000)]
  0x02362400 JavaThread "Reference Handler" daemon [_thread_blocked, id=3444, stack(0x045a0000,0x045f0000)]

Other Threads:
  0x02361000 VMThread [stack: 0x04510000,0x04560000] [id=3996]
  0x023c5400 WatcherThread [stack: 0x04900000,0x04950000] [id=1608]

VM state:not at safepoint (normal execution)

VM Mutex/Monitor currently owned by a thread: None

Heap
 def new generation   total 960K, used 336K [0x24280000, 0x24380000, 0x24760000)
  eden space 896K,  37% used [0x24280000, 0x242d40e0, 0x24360000)
  from space 64K,   0% used [0x24370000, 0x24370000, 0x24380000)
  to   space 64K,   0% used [0x24360000, 0x24360000, 0x24370000)
 tenured generation   total 9660K, used 5795K [0x24760000, 0x250cf000, 0x28280000)
   the space 9660K,  59% used [0x24760000, 0x24d08e18, 0x24d09000, 0x250cf000)
 compacting perm gen  total 12288K, used 5073K [0x28280000, 0x28e80000, 0x2c280000)
   the space 12288K,  41% used [0x28280000, 0x28774638, 0x28774800, 0x28e80000)
    ro space 8192K,  66% used [0x2c280000, 0x2c7d0c80, 0x2c7d0e00, 0x2ca80000)
    rw space 12288K,  52% used [0x2ca80000, 0x2d0d03d0, 0x2d0d0400, 0x2d680000)

Dynamic libraries:
0x00400000 - 0x00423000 	C:\Program Files (x86)\Java\jdk1.6.0_04\bin\java.exe
0x76eb0000 - 0x77030000 	C:\Windows\SysWOW64\ntdll.dll
0x76250000 - 0x76360000 	C:\Windows\syswow64\kernel32.dll
0x75880000 - 0x758c6000 	C:\Windows\syswow64\KERNELBASE.dll
0x75a10000 - 0x75ab0000 	C:\Windows\syswow64\ADVAPI32.dll
0x761a0000 - 0x7624c000 	C:\Windows\syswow64\msvcrt.dll
0x75eb0000 - 0x75ec9000 	C:\Windows\SysWOW64\sechost.dll
0x75690000 - 0x75780000 	C:\Windows\syswow64\RPCRT4.dll
0x74590000 - 0x745f0000 	C:\Windows\syswow64\SspiCli.dll
0x74580000 - 0x7458c000 	C:\Windows\syswow64\CRYPTBASE.dll
0x7c340000 - 0x7c396000 	C:\Program Files (x86)\Java\jdk1.6.0_04\jre\bin\msvcr71.dll
0x6d870000 - 0x6dac0000 	C:\Program Files (x86)\Java\jdk1.6.0_04\jre\bin\client\jvm.dll
0x752e0000 - 0x753e0000 	C:\Windows\syswow64\USER32.dll
0x75250000 - 0x752e0000 	C:\Windows\syswow64\GDI32.dll
0x75440000 - 0x7544a000 	C:\Windows\syswow64\LPK.dll
0x75780000 - 0x7581d000 	C:\Windows\syswow64\USP10.dll
0x73ba0000 - 0x73bd2000 	C:\Windows\system32\WINMM.dll
0x753e0000 - 0x75440000 	C:\Windows\system32\IMM32.DLL
0x76520000 - 0x765ec000 	C:\Windows\syswow64\MSCTF.dll
0x74350000 - 0x7439c000 	C:\Windows\system32\apphelp.dll
0x6d320000 - 0x6d328000 	C:\Program Files (x86)\Java\jdk1.6.0_04\jre\bin\hpi.dll
0x75c20000 - 0x75c25000 	C:\Windows\syswow64\PSAPI.DLL
0x6d820000 - 0x6d82c000 	C:\Program Files (x86)\Java\jdk1.6.0_04\jre\bin\verify.dll
0x6d3c0000 - 0x6d3df000 	C:\Program Files (x86)\Java\jdk1.6.0_04\jre\bin\java.dll
0x6d860000 - 0x6d86f000 	C:\Program Files (x86)\Java\jdk1.6.0_04\jre\bin\zip.dll
0x6d0b0000 - 0x6d1de000 	C:\Program Files (x86)\Java\jdk1.6.0_04\jre\bin\awt.dll
0x74240000 - 0x74291000 	C:\Windows\system32\WINSPOOL.DRV
0x75ac0000 - 0x75c1c000 	C:\Windows\syswow64\ole32.dll
0x72e20000 - 0x72ea0000 	C:\Windows\system32\uxtheme.dll
0x74170000 - 0x74178000 	c:\PROGRA~2\mcafee\SITEAD~1\saHook.dll
0x75df0000 - 0x75e7f000 	C:\Windows\syswow64\OLEAUT32.dll
0x74150000 - 0x74163000 	C:\Windows\system32\dwmapi.dll
0x74600000 - 0x7524a000 	C:\Windows\syswow64\shell32.dll
0x755f0000 - 0x75647000 	C:\Windows\syswow64\SHLWAPI.dll
0x6d2c0000 - 0x6d313000 	C:\Program Files (x86)\Java\jdk1.6.0_04\jre\bin\fontmanager.dll
0x6d620000 - 0x6d633000 	C:\Program Files (x86)\Java\jdk1.6.0_04\jre\bin\net.dll
0x75650000 - 0x75685000 	C:\Windows\syswow64\WS2_32.dll
0x75ab0000 - 0x75ab6000 	C:\Windows\syswow64\NSI.dll
0x73f80000 - 0x73fbc000 	C:\Windows\system32\mswsock.dll
0x70b80000 - 0x70b86000 	C:\Windows\System32\wship6.dll
0x6d640000 - 0x6d649000 	C:\Program Files (x86)\Java\jdk1.6.0_04\jre\bin\nio.dll
0x75980000 - 0x75a03000 	C:\Windows\syswow64\CLBCatQ.DLL
0x10000000 - 0x10008000 	C:\Users\JINOS\.JxBrowser\xulrunner-windows-version-1.9.2.1\xulrunner-windows\javaxpcomglue.dll
0x73db0000 - 0x73e4b000 	C:\Windows\WinSxS\x86_microsoft.vc80.crt_1fc8b3b9a1e18e3b_8.0.50727.4940_none_d08cc06a442b34fc\MSVCR80.dll
0x05e30000 - 0x05e59000 	C:\Users\JINOS\.JxBrowser\xulrunner-windows-version-1.9.2.1\xulrunner-windows\nspr4.dll
0x70560000 - 0x70567000 	C:\Windows\system32\WSOCK32.dll
0x05e80000 - 0x05e87000 	C:\Users\JINOS\.JxBrowser\xulrunner-windows-version-1.9.2.1\xulrunner-windows\plc4.dll
0x05ea0000 - 0x05ea7000 	C:\Users\JINOS\.JxBrowser\xulrunner-windows-version-1.9.2.1\xulrunner-windows\plds4.dll
0x05ec0000 - 0x05f33000 	C:\Users\JINOS\.JxBrowser\xulrunner-windows-version-1.9.2.1\xulrunner-windows\sqlite3.dll
0x05f50000 - 0x05f64000 	C:\Users\JINOS\.JxBrowser\xulrunner-windows-version-1.9.2.1\xulrunner-windows\nssutil3.dll
0x05f80000 - 0x05fa6000 	C:\Users\JINOS\.JxBrowser\xulrunner-windows-version-1.9.2.1\xulrunner-windows\softokn3.dll
0x06fc0000 - 0x0705b000 	C:\Users\JINOS\.JxBrowser\xulrunner-windows-version-1.9.2.1\xulrunner-windows\nss3.dll
0x060d0000 - 0x060f0000 	C:\Users\JINOS\.JxBrowser\xulrunner-windows-version-1.9.2.1\xulrunner-windows\ssl3.dll
0x06100000 - 0x06118000 	C:\Users\JINOS\.JxBrowser\xulrunner-windows-version-1.9.2.1\xulrunner-windows\smime3.dll
0x07060000 - 0x07132000 	C:\Users\JINOS\.JxBrowser\xulrunner-windows-version-1.9.2.1\xulrunner-windows\js3250.dll
0x07140000 - 0x07b21000 	C:\Users\JINOS\.JxBrowser\xulrunner-windows-version-1.9.2.1\xulrunner-windows\xul.dll
0x74530000 - 0x74539000 	C:\Windows\system32\VERSION.dll
0x758d0000 - 0x7594b000 	C:\Windows\syswow64\COMDLG32.dll
0x73be0000 - 0x73c64000 	C:\Windows\WinSxS\x86_microsoft.windows.common-controls_6595b64144ccf1df_5.82.7601.17514_none_ec83dffa859149af\COMCTL32.dll
0x726d0000 - 0x726d5000 	C:\Windows\system32\MSIMG32.dll
0x743a0000 - 0x74427000 	C:\Windows\WinSxS\x86_microsoft.vc80.crt_1fc8b3b9a1e18e3b_8.0.50727.4940_none_d08cc06a442b34fc\MSVCP80.dll
0x06150000 - 0x06157000 	C:\Users\JINOS\.JxBrowser\xulrunner-windows-version-1.9.2.1\xulrunner-windows\xpcom.dll
0x74520000 - 0x74525000 	C:\Windows\System32\wshtcpip.dll
0x72d20000 - 0x72d3c000 	C:\Windows\system32\iphlpapi.dll
0x72d10000 - 0x72d17000 	C:\Windows\system32\WINNSI.DLL
0x720e0000 - 0x720f2000 	C:\Windows\system32\dhcpcsvc.DLL
0x73d40000 - 0x73d4d000 	C:\Windows\system32\dhcpcsvc6.DLL
0x74540000 - 0x74561000 	C:\Windows\system32\ntmarta.dll
0x75c50000 - 0x75c95000 	C:\Windows\syswow64\WLDAP32.dll
0x6e8e0000 - 0x6e8fe000 	C:\Windows\system32\t2embed.dll
0x72a80000 - 0x72c1e000 	C:\Windows\WinSxS\x86_microsoft.windows.common-controls_6595b64144ccf1df_6.0.7601.17514_none_41e6975e2bd6f2b2\comctl32.dll
0x724f0000 - 0x725eb000 	C:\Windows\system32\WindowsCodecs.dll
0x6e8a0000 - 0x6e8d1000 	C:\Windows\system32\EhStorShell.dll
0x75450000 - 0x755ed000 	C:\Windows\syswow64\SETUPAPI.dll
0x75e80000 - 0x75ea7000 	C:\Windows\syswow64\CFGMGR32.dll
0x75c30000 - 0x75c42000 	C:\Windows\syswow64\DEVOBJ.dll
0x70a30000 - 0x70b25000 	C:\Windows\system32\PROPSYS.dll
0x661c0000 - 0x663dd000 	C:\PROGRA~2\MICROS~1\Office12\GR469A~1.DLL
0x68ef0000 - 0x68fe1000 	C:\PROGRA~2\MICROS~1\Office12\GrooveUtil.DLL
0x75cd0000 - 0x75deb000 	C:\Windows\syswow64\WININET.dll
0x76e80000 - 0x76e83000 	C:\Windows\syswow64\Normaliz.dll
0x76360000 - 0x76518000 	C:\Windows\syswow64\iertutil.dll
0x75ed0000 - 0x75fe1000 	C:\Windows\syswow64\urlmon.dll
0x75ff0000 - 0x7610d000 	C:\Windows\syswow64\CRYPT32.dll
0x745f0000 - 0x745fc000 	C:\Windows\syswow64\MSASN1.dll
0x68ff0000 - 0x68ff7000 	C:\PROGRA~2\MICROS~1\Office12\GrooveNew.DLL
0x6e900000 - 0x6e91b000 	C:\Windows\WinSxS\x86_microsoft.vc80.atl_1fc8b3b9a1e18e3b_8.0.50727.4053_none_d1c738ec43578ea1\ATL80.DLL
0x73ea0000 - 0x73eb6000 	C:\Windows\system32\CRYPTSP.dll
0x73e60000 - 0x73e9b000 	C:\Windows\system32\rsaenh.dll
0x709c0000 - 0x70a30000 	C:\Windows\system32\ntshrui.dll
0x71750000 - 0x71769000 	C:\Windows\system32\srvcli.dll
0x71600000 - 0x7160b000 	C:\Windows\system32\cscapi.dll
0x709b0000 - 0x709ba000 	C:\Windows\system32\slc.dll
0x73e50000 - 0x73e5e000 	C:\Windows\system32\RpcRtRemote.dll
0x09090000 - 0x090a8000 	C:\Users\JINOS\.JxBrowser\xulrunner-windows-version-1.9.2.1\xulrunner-windows\nssdbm3.dll
0x090c0000 - 0x09101000 	C:\Users\JINOS\.JxBrowser\xulrunner-windows-version-1.9.2.1\xulrunner-windows\freebl3.dll
0x09120000 - 0x09171000 	C:\Users\JINOS\.JxBrowser\xulrunner-windows-version-1.9.2.1\xulrunner-windows\nssckbi.dll
0x6d3f0000 - 0x6d3f6000 	C:\Program Files (x86)\Java\jdk1.6.0_04\jre\bin\jawt.dll
0x74140000 - 0x74150000 	C:\Windows\system32\NLAapi.dll
0x74130000 - 0x74140000 	C:\Windows\system32\napinsp.dll
0x74080000 - 0x74092000 	C:\Windows\system32\pnrpnsp.dll
0x74070000 - 0x7407d000 	C:\Windows\system32\wshbth.dll
0x73f30000 - 0x73f74000 	C:\Windows\system32\DNSAPI.dll
0x74180000 - 0x74188000 	C:\Windows\System32\winrnr.dll
0x704f0000 - 0x704f6000 	C:\Windows\system32\rasadhlp.dll
0x72080000 - 0x720b8000 	C:\Windows\System32\fwpuclnt.dll

VM Arguments:
jvm_args: -Dfile.encoding=UTF-8 
java_command: webfeaturinaco.WebFeaturinACOApp
Launcher Type: SUN_STANDARD

Environment Variables:
PATH=C:\Program Files (x86)\PC Connectivity Solution\;C:\Windows\system32;C:\Windows;C:\Windows\System32\Wbem;C:\Windows\System32\WindowsPowerShell\v1.0\;C:\Program Files (x86)\Universal Extractor;C:\Program Files (x86)\Universal Extractor\bin;C:\Program Files (x86)\Java\jdk1.6.0_04\bin;C:\Program Files (x86)\Common Files\Adobe\AGL;
USERNAME=JINOS
OS=Windows_NT
PROCESSOR_IDENTIFIER=Intel64 Family 6 Model 23 Stepping 10, GenuineIntel



---------------  S Y S T E M  ---------------

OS: Windows NT 6.1 Build 7601 Service Pack 1

CPU:total 2 (2 cores per cpu, 1 threads per core) family 6 model 7 stepping 10, cmov, cx8, fxsr, mmx, sse, sse2, sse3, ssse3

Memory: 4k page, physical 3075288k(935532k free), swap 4194303k(3809144k free)

vm_info: Java HotSpot(TM) Client VM (10.0-b19) for windows-x86 JRE (1.6.0_04-b12), built on Dec 14 2007 00:51:20 by "java_re" with MS VC++ 7.1

time: Sun Feb 19 13:36:32 2012
elapsed time: 23 seconds

